[33mWARNING[0m:  [02-08-2024 14:16:34] chroma_server_nofile is set to 65535, but this is less than current soft limit of 1048575. chroma_server_nofile will not be set.
[33mWARNING[0m:  [02-08-2024 14:26:04] chroma_server_nofile is set to 65535, but this is less than current soft limit of 1048575. chroma_server_nofile will not be set.
[33mWARNING[0m:  [02-08-2024 14:29:07] chroma_server_nofile is set to 65535, but this is less than current soft limit of 1048575. chroma_server_nofile will not be set.
[32mINFO[0m:     [02-08-2024 14:29:08] Anonymized telemetry enabled. See                     https://docs.trychroma.com/telemetry for more information.
[36mDEBUG[0m:    [02-08-2024 14:29:08] Starting component System
[36mDEBUG[0m:    [02-08-2024 14:29:08] Starting component OpenTelemetryClient
[36mDEBUG[0m:    [02-08-2024 14:29:08] Starting component SqliteDB
[36mDEBUG[0m:    [02-08-2024 14:29:08] Starting component QuotaEnforcer
[36mDEBUG[0m:    [02-08-2024 14:29:08] Starting component Posthog
[36mDEBUG[0m:    [02-08-2024 14:29:08] Starting component LocalSegmentManager
[36mDEBUG[0m:    [02-08-2024 14:29:08] Starting component SegmentAPI
[32mINFO[0m:     [02-08-2024 14:29:08] Started server process [[36m51878[0m]
[32mINFO[0m:     [02-08-2024 14:29:08] Waiting for application startup.
[32mINFO[0m:     [02-08-2024 14:29:08] Application startup complete.
[32mINFO[0m:     [02-08-2024 14:29:08] Uvicorn running on [1mhttp://localhost:8000[0m (Press CTRL+C to quit)
[32mINFO[0m:     [02-08-2024 14:29:31] ::1:56385 - "GET / HTTP/1.1" 404
[32mINFO[0m:     [02-08-2024 14:29:32] ::1:56385 - "GET /favicon.ico HTTP/1.1" 404
[33mWARNING[0m:  [02-08-2024 14:31:07] chroma_server_nofile is set to 65535, but this is less than current soft limit of 1048575. chroma_server_nofile will not be set.
[33mWARNING[0m:  [02-08-2024 14:47:59] chroma_server_nofile is set to 65535, but this is less than current soft limit of 1048575. chroma_server_nofile will not be set.
[32mINFO[0m:     [02-08-2024 14:47:59] Anonymized telemetry enabled. See                     https://docs.trychroma.com/telemetry for more information.
[36mDEBUG[0m:    [02-08-2024 14:47:59] Starting component System
[36mDEBUG[0m:    [02-08-2024 14:47:59] Starting component OpenTelemetryClient
[36mDEBUG[0m:    [02-08-2024 14:47:59] Starting component SqliteDB
[36mDEBUG[0m:    [02-08-2024 14:47:59] Starting component QuotaEnforcer
[36mDEBUG[0m:    [02-08-2024 14:47:59] Starting component Posthog
[36mDEBUG[0m:    [02-08-2024 14:47:59] Starting component LocalSegmentManager
[36mDEBUG[0m:    [02-08-2024 14:47:59] Starting component SegmentAPI
[32mINFO[0m:     [02-08-2024 14:47:59] Started server process [[36m53047[0m]
[32mINFO[0m:     [02-08-2024 14:47:59] Waiting for application startup.
[32mINFO[0m:     [02-08-2024 14:47:59] Application startup complete.
[31mERROR[0m:    [02-08-2024 14:47:59] [Errno 48] error while attempting to bind on address ('::1', 8000, 0, 0): address already in use
[32mINFO[0m:     [02-08-2024 14:47:59] Waiting for application shutdown.
[36mDEBUG[0m:    [02-08-2024 14:47:59] Stopping component System
[36mDEBUG[0m:    [02-08-2024 14:47:59] Stopping component SegmentAPI
[36mDEBUG[0m:    [02-08-2024 14:47:59] Stopping component LocalSegmentManager
[36mDEBUG[0m:    [02-08-2024 14:47:59] Stopping component Posthog
[36mDEBUG[0m:    [02-08-2024 14:47:59] Stopping component QuotaEnforcer
[36mDEBUG[0m:    [02-08-2024 14:47:59] Stopping component SqliteDB
[36mDEBUG[0m:    [02-08-2024 14:47:59] Stopping component OpenTelemetryClient
[32mINFO[0m:     [02-08-2024 14:47:59] Application shutdown complete.
[32mINFO[0m:     [02-08-2024 14:49:01] ::1:56478 - "GET / HTTP/1.1" 404
[33mWARNING[0m:  [05-08-2024 11:46:46] chroma_server_nofile is set to 65535, but this is less than current soft limit of 1048575. chroma_server_nofile will not be set.
[32mINFO[0m:     [05-08-2024 11:46:47] Anonymized telemetry enabled. See                     https://docs.trychroma.com/telemetry for more information.
[36mDEBUG[0m:    [05-08-2024 11:46:47] Starting component System
[36mDEBUG[0m:    [05-08-2024 11:46:47] Starting component OpenTelemetryClient
[36mDEBUG[0m:    [05-08-2024 11:46:47] Starting component SqliteDB
[36mDEBUG[0m:    [05-08-2024 11:46:47] Starting component QuotaEnforcer
[36mDEBUG[0m:    [05-08-2024 11:46:47] Starting component Posthog
[36mDEBUG[0m:    [05-08-2024 11:46:47] Starting component LocalSegmentManager
[36mDEBUG[0m:    [05-08-2024 11:46:47] Starting component SegmentAPI
[32mINFO[0m:     [05-08-2024 11:46:47] Started server process [[36m9102[0m]
[32mINFO[0m:     [05-08-2024 11:46:47] Waiting for application startup.
[32mINFO[0m:     [05-08-2024 11:46:47] Application startup complete.
[32mINFO[0m:     [05-08-2024 11:46:47] Uvicorn running on [1mhttp://localhost:8000[0m (Press CTRL+C to quit)
[32mINFO[0m:     [05-08-2024 12:13:38] ::1:51642 - "GET /api/v1/tenants/default_tenant HTTP/1.1" 200
[32mINFO[0m:     [05-08-2024 12:13:38] ::1:51642 - "GET /api/v1/databases/default_database?tenant=default_tenant HTTP/1.1" 200
